15.10.2024 - 21:38:09 - [TAB v4.1.8] An error was thrown when executing task
15.10.2024 - 21:38:09 - java.lang.IllegalStateException: This instance got discarded because plugin was reloaded. Obtain a new instance.
15.10.2024 - 21:38:09 - 	at TAB v4.1.8.jar//me.neznamy.tab.shared.features.types.TabFeature.ensureActive(TabFeature.java:26)
15.10.2024 - 21:38:09 - 	at TAB v4.1.8.jar//me.neznamy.tab.shared.features.PlaceholderManagerImpl.getPlaceholder(PlaceholderManagerImpl.java:385)
15.10.2024 - 21:38:09 - 	at TAB v4.1.8.jar//me.neznamy.tab.shared.features.PlaceholderManagerImpl.getPlaceholderUsage(PlaceholderManagerImpl.java:314)
15.10.2024 - 21:38:09 - 	at TAB v4.1.8.jar//me.neznamy.tab.shared.features.PlaceholderManagerImpl.updatePlayerPlaceholders(PlaceholderManagerImpl.java:154)
15.10.2024 - 21:38:09 - 	at TAB v4.1.8.jar//me.neznamy.tab.shared.features.PlaceholderManagerImpl.processRefreshResults(PlaceholderManagerImpl.java:96)
15.10.2024 - 21:38:09 - 	at TAB v4.1.8.jar//me.neznamy.tab.shared.features.PlaceholderManagerImpl.lambda$refresh$0(PlaceholderManagerImpl.java:88)
15.10.2024 - 21:38:09 - 	at TAB v4.1.8.jar//me.neznamy.tab.shared.cpu.CpuManager.run(CpuManager.java:171)
15.10.2024 - 21:38:09 - 	at TAB v4.1.8.jar//me.neznamy.tab.shared.cpu.CpuManager.lambda$submit$1(CpuManager.java:96)
15.10.2024 - 21:38:09 - 	at java.base/java.util.concurrent.Executors$RunnableAdapter.call(Executors.java:572)
15.10.2024 - 21:38:09 - 	at java.base/java.util.concurrent.FutureTask.run(FutureTask.java:317)
15.10.2024 - 21:38:09 - 	at java.base/java.util.concurrent.ScheduledThreadPoolExecutor$ScheduledFutureTask.run(ScheduledThreadPoolExecutor.java:304)
15.10.2024 - 21:38:09 - 	at java.base/java.util.concurrent.ThreadPoolExecutor.runWorker(ThreadPoolExecutor.java:1144)
15.10.2024 - 21:38:09 - 	at java.base/java.util.concurrent.ThreadPoolExecutor$Worker.run(ThreadPoolExecutor.java:642)
15.10.2024 - 21:38:09 - 	at java.base/java.lang.Thread.run(Thread.java:1583)
01.11.2024 - 20:35:21 - [TAB v4.1.8] An error was thrown when executing task
01.11.2024 - 20:35:21 - java.lang.IllegalStateException: This instance got discarded because plugin was reloaded. Obtain a new instance.
01.11.2024 - 20:35:21 - 	at TAB v4.1.8.jar//me.neznamy.tab.shared.features.types.TabFeature.ensureActive(TabFeature.java:26)
01.11.2024 - 20:35:21 - 	at TAB v4.1.8.jar//me.neznamy.tab.shared.features.PlaceholderManagerImpl.getPlaceholder(PlaceholderManagerImpl.java:385)
01.11.2024 - 20:35:21 - 	at TAB v4.1.8.jar//me.neznamy.tab.shared.features.PlaceholderManagerImpl.getPlaceholderUsage(PlaceholderManagerImpl.java:314)
01.11.2024 - 20:35:21 - 	at TAB v4.1.8.jar//me.neznamy.tab.shared.features.PlaceholderManagerImpl.updateServerPlaceholders(PlaceholderManagerImpl.java:174)
01.11.2024 - 20:35:21 - 	at TAB v4.1.8.jar//me.neznamy.tab.shared.features.PlaceholderManagerImpl.processRefreshResults(PlaceholderManagerImpl.java:95)
01.11.2024 - 20:35:21 - 	at TAB v4.1.8.jar//me.neznamy.tab.shared.features.PlaceholderManagerImpl.lambda$refresh$0(PlaceholderManagerImpl.java:88)
01.11.2024 - 20:35:21 - 	at TAB v4.1.8.jar//me.neznamy.tab.shared.cpu.CpuManager.run(CpuManager.java:171)
01.11.2024 - 20:35:21 - 	at TAB v4.1.8.jar//me.neznamy.tab.shared.cpu.CpuManager.lambda$submit$1(CpuManager.java:96)
01.11.2024 - 20:35:21 - 	at java.base/java.util.concurrent.Executors$RunnableAdapter.call(Executors.java:572)
01.11.2024 - 20:35:21 - 	at java.base/java.util.concurrent.FutureTask.run(FutureTask.java:317)
01.11.2024 - 20:35:21 - 	at java.base/java.util.concurrent.ScheduledThreadPoolExecutor$ScheduledFutureTask.run(ScheduledThreadPoolExecutor.java:304)
01.11.2024 - 20:35:21 - 	at java.base/java.util.concurrent.ThreadPoolExecutor.runWorker(ThreadPoolExecutor.java:1144)
01.11.2024 - 20:35:21 - 	at java.base/java.util.concurrent.ThreadPoolExecutor$Worker.run(ThreadPoolExecutor.java:642)
01.11.2024 - 20:35:21 - 	at java.base/java.lang.Thread.run(Thread.java:1583)
